TypeError: Cannot convert object to primitive value
    at module.exports (/home6/meetena1/furniture-api/auth.js:9:99)
    at Layer.handle [as handle_request] (/home6/meetena1/nodevenv/furniture-api/14/lib/node_modules/express/lib/router/layer.js:95:5)
    at next (/home6/meetena1/nodevenv/furniture-api/14/lib/node_modules/express/lib/router/route.js:137:13)
    at Route.dispatch (/home6/meetena1/nodevenv/furniture-api/14/lib/node_modules/express/lib/router/route.js:112:3)
    at Layer.handle [as handle_request] (/home6/meetena1/nodevenv/furniture-api/14/lib/node_modules/express/lib/router/layer.js:95:5)
    at /home6/meetena1/nodevenv/furniture-api/14/lib/node_modules/express/lib/router/index.js:281:22
    at Function.process_params (/home6/meetena1/nodevenv/furniture-api/14/lib/node_modules/express/lib/router/index.js:335:12)
    at next (/home6/meetena1/nodevenv/furniture-api/14/lib/node_modules/express/lib/router/index.js:275:10)
    at Function.handle (/home6/meetena1/nodevenv/furniture-api/14/lib/node_modules/express/lib/router/index.js:174:3)
    at router (/home6/meetena1/nodevenv/furniture-api/14/lib/node_modules/express/lib/router/index.js:47:12)
TypeError: Cannot convert object to primitive value
    at module.exports (/home6/meetena1/furniture-api/auth.js:9:99)
    at Layer.handle [as handle_request] (/home6/meetena1/nodevenv/furniture-api/14/lib/node_modules/express/lib/router/layer.js:95:5)
    at next (/home6/meetena1/nodevenv/furniture-api/14/lib/node_modules/express/lib/router/route.js:137:13)
    at Route.dispatch (/home6/meetena1/nodevenv/furniture-api/14/lib/node_modules/express/lib/router/route.js:112:3)
    at Layer.handle [as handle_request] (/home6/meetena1/nodevenv/furniture-api/14/lib/node_modules/express/lib/router/layer.js:95:5)
    at /home6/meetena1/nodevenv/furniture-api/14/lib/node_modules/express/lib/router/index.js:281:22
    at Function.process_params (/home6/meetena1/nodevenv/furniture-api/14/lib/node_modules/express/lib/router/index.js:335:12)
    at next (/home6/meetena1/nodevenv/furniture-api/14/lib/node_modules/express/lib/router/index.js:275:10)
    at Function.handle (/home6/meetena1/nodevenv/furniture-api/14/lib/node_modules/express/lib/router/index.js:174:3)
    at router (/home6/meetena1/nodevenv/furniture-api/14/lib/node_modules/express/lib/router/index.js:47:12)
TypeError: Cannot convert object to primitive value
    at module.exports (/home6/meetena1/furniture-api/auth.js:9:99)
    at Layer.handle [as handle_request] (/home6/meetena1/nodevenv/furniture-api/14/lib/node_modules/express/lib/router/layer.js:95:5)
    at next (/home6/meetena1/nodevenv/furniture-api/14/lib/node_modules/express/lib/router/route.js:137:13)
    at Route.dispatch (/home6/meetena1/nodevenv/furniture-api/14/lib/node_modules/express/lib/router/route.js:112:3)
    at Layer.handle [as handle_request] (/home6/meetena1/nodevenv/furniture-api/14/lib/node_modules/express/lib/router/layer.js:95:5)
    at /home6/meetena1/nodevenv/furniture-api/14/lib/node_modules/express/lib/router/index.js:281:22
    at Function.process_params (/home6/meetena1/nodevenv/furniture-api/14/lib/node_modules/express/lib/router/index.js:335:12)
    at next (/home6/meetena1/nodevenv/furniture-api/14/lib/node_modules/express/lib/router/index.js:275:10)
    at Function.handle (/home6/meetena1/nodevenv/furniture-api/14/lib/node_modules/express/lib/router/index.js:174:3)
    at router (/home6/meetena1/nodevenv/furniture-api/14/lib/node_modules/express/lib/router/index.js:47:12)
TypeError: Cannot convert object to primitive value
    at module.exports (/home6/meetena1/furniture-api/auth.js:9:99)
    at Layer.handle [as handle_request] (/home6/meetena1/nodevenv/furniture-api/14/lib/node_modules/express/lib/router/layer.js:95:5)
    at next (/home6/meetena1/nodevenv/furniture-api/14/lib/node_modules/express/lib/router/route.js:137:13)
    at Route.dispatch (/home6/meetena1/nodevenv/furniture-api/14/lib/node_modules/express/lib/router/route.js:112:3)
    at Layer.handle [as handle_request] (/home6/meetena1/nodevenv/furniture-api/14/lib/node_modules/express/lib/router/layer.js:95:5)
    at /home6/meetena1/nodevenv/furniture-api/14/lib/node_modules/express/lib/router/index.js:281:22
    at Function.process_params (/home6/meetena1/nodevenv/furniture-api/14/lib/node_modules/express/lib/router/index.js:335:12)
    at next (/home6/meetena1/nodevenv/furniture-api/14/lib/node_modules/express/lib/router/index.js:275:10)
    at Function.handle (/home6/meetena1/nodevenv/furniture-api/14/lib/node_modules/express/lib/router/index.js:174:3)
    at router (/home6/meetena1/nodevenv/furniture-api/14/lib/node_modules/express/lib/router/index.js:47:12)
TypeError: Cannot convert object to primitive value
    at module.exports (/home6/meetena1/furniture-api/auth.js:9:99)
    at Layer.handle [as handle_request] (/home6/meetena1/nodevenv/furniture-api/14/lib/node_modules/express/lib/router/layer.js:95:5)
    at next (/home6/meetena1/nodevenv/furniture-api/14/lib/node_modules/express/lib/router/route.js:137:13)
    at Route.dispatch (/home6/meetena1/nodevenv/furniture-api/14/lib/node_modules/express/lib/router/route.js:112:3)
    at Layer.handle [as handle_request] (/home6/meetena1/nodevenv/furniture-api/14/lib/node_modules/express/lib/router/layer.js:95:5)
    at /home6/meetena1/nodevenv/furniture-api/14/lib/node_modules/express/lib/router/index.js:281:22
    at Function.process_params (/home6/meetena1/nodevenv/furniture-api/14/lib/node_modules/express/lib/router/index.js:335:12)
    at next (/home6/meetena1/nodevenv/furniture-api/14/lib/node_modules/express/lib/router/index.js:275:10)
    at Function.handle (/home6/meetena1/nodevenv/furniture-api/14/lib/node_modules/express/lib/router/index.js:174:3)
    at router (/home6/meetena1/nodevenv/furniture-api/14/lib/node_modules/express/lib/router/index.js:47:12)
